[0.012s] Invoking command in '/home/xyq/Desktop/ros_ws/build/pose_resolve': AMENT_PREFIX_PATH=/home/xyq/Desktop/ros_ws/install/camera_interface:${AMENT_PREFIX_PATH} CMAKE_PREFIX_PATH=/home/xyq/Desktop/ros_ws/install/camera_interface:/opt/ros/humble LD_LIBRARY_PATH=/home/xyq/Desktop/ros_ws/install/camera_interface/lib:${LD_LIBRARY_PATH} PYTHONPATH=/home/xyq/Desktop/ros_ws/install/camera_interface/local/lib/python3.10/dist-packages:${PYTHONPATH} /usr/bin/cmake --build /home/xyq/Desktop/ros_ws/build/pose_resolve -- -j20 -l20
[0.056s] [ 50%] [32m[1mLinking CXX executable pose_resolve_node[0m
[0.474s] /usr/bin/ld: CMakeFiles/pose_resolve_node.dir/src/pose_resolve_node.cpp.o: in function `PoseResolveCallback(std::shared_ptr<camera_interface::msg::Corner_<std::allocator<void> > const> const&)':
[0.474s] pose_resolve_node.cpp:(.text+0x192): undefined reference to `solve_pnp(std::vector<double, std::allocator<double> >, std::vector<double, std::allocator<double> >)'
[0.521s] collect2: error: ld returned 1 exit status
[0.522s] gmake[2]: *** [CMakeFiles/pose_resolve_node.dir/build.make:240ï¼špose_resolve_node] é”™è¯¯ 1
[0.522s] gmake[1]: *** [CMakeFiles/Makefile2:137ï¼šCMakeFiles/pose_resolve_node.dir/all] é”™è¯¯ 2
[0.522s] gmake: *** [Makefile:146ï¼šall] é”™è¯¯ 2
[0.525s] Invoked command in '/home/xyq/Desktop/ros_ws/build/pose_resolve' returned '2': AMENT_PREFIX_PATH=/home/xyq/Desktop/ros_ws/install/camera_interface:${AMENT_PREFIX_PATH} CMAKE_PREFIX_PATH=/home/xyq/Desktop/ros_ws/install/camera_interface:/opt/ros/humble LD_LIBRARY_PATH=/home/xyq/Desktop/ros_ws/install/camera_interface/lib:${LD_LIBRARY_PATH} PYTHONPATH=/home/xyq/Desktop/ros_ws/install/camera_interface/local/lib/python3.10/dist-packages:${PYTHONPATH} /usr/bin/cmake --build /home/xyq/Desktop/ros_ws/build/pose_resolve -- -j20 -l20
