[0.008s] Invoking command in '/home/xyq/Desktop/ros_ws/build/pose_resolve': AMENT_PREFIX_PATH=/home/xyq/Desktop/ros_ws/install/camera_interface:${AMENT_PREFIX_PATH} CMAKE_PREFIX_PATH=/home/xyq/Desktop/ros_ws/install/camera_interface:/opt/ros/humble LD_LIBRARY_PATH=/home/xyq/Desktop/ros_ws/install/camera_interface/lib:${LD_LIBRARY_PATH} PYTHONPATH=/home/xyq/Desktop/ros_ws/install/camera_interface/local/lib/python3.10/dist-packages:${PYTHONPATH} /usr/bin/cmake --build /home/xyq/Desktop/ros_ws/build/pose_resolve -- -j20 -l20
[0.037s] [35m[1mConsolidate compiler generated dependencies of target pose_resolve_node[0m
[0.053s] [ 50%] [32mBuilding CXX object CMakeFiles/pose_resolve_node.dir/src/pose_resolve_node.cpp.o[0m
[1.759s] [01m[K/home/xyq/Desktop/ros_ws/src/pose_resolve/src/pose_resolve_node.cpp:[m[K In function â€˜[01m[Kvoid PoseResolveCallback(const ConstSharedPtr&)[m[Kâ€™:
[1.759s] [01m[K/home/xyq/Desktop/ros_ws/src/pose_resolve/src/pose_resolve_node.cpp:14:79:[m[K [01;35m[Kwarning: [m[Kunused parameter â€˜[01m[Kcorner[m[Kâ€™ [[01;35m[K]8;;https://gcc.gnu.org/onlinedocs/gcc/Warning-Options.html#index-Wunused-parameter-Wunused-parameter]8;;[m[K]
[1.759s]    14 | void PoseResolveCallback([01;35m[Kconst camera_interface::msg::Corner::ConstSharedPtr &corner[m[K){
[1.759s]       |                          [01;35m[K~~~~~~~~~~~~~~~~~~~~~~~~~~~~~~~~~~~~~~~~~~~~~~~~~~~~~^~~~~~[m[K
[1.759s] [01m[K/home/xyq/Desktop/ros_ws/src/pose_resolve/src/pose_resolve_node.cpp:[m[K At global scope:
[1.759s] [01m[K/home/xyq/Desktop/ros_ws/src/pose_resolve/src/pose_resolve_node.cpp:25:13:[m[K [01;31m[Kerror: [m[Kâ€˜[01m[KSubscriber[m[Kâ€™ in namespace â€˜[01m[Krclcpp[m[Kâ€™ does not name a template type
[1.759s]    25 |     rclcpp::[01;31m[KSubscriber[m[K<camera_interface::msg::Corner>::SharedPtr subscriber;
[1.759s]       |             [01;31m[K^~~~~~~~~~[m[K
[1.766s] [01m[K/home/xyq/Desktop/ros_ws/src/pose_resolve/src/pose_resolve_node.cpp:[m[K In constructor â€˜[01m[KPoseResolve::PoseResolve(std::string)[m[Kâ€™:
[1.766s] [01m[K/home/xyq/Desktop/ros_ws/src/pose_resolve/src/pose_resolve_node.cpp:21:9:[m[K [01;31m[Kerror: [m[Kâ€˜[01m[Ksubscriber[m[Kâ€™ was not declared in this scope
[1.766s]    21 |         [01;31m[Ksubscriber[m[K = this->create_subscribe<camera_interface::msg::Corner>("corners_2d", 4, PoseResolveCallback);
[1.766s]       |         [01;31m[K^~~~~~~~~~[m[K
[1.767s] [01m[K/home/xyq/Desktop/ros_ws/src/pose_resolve/src/pose_resolve_node.cpp:21:28:[m[K [01;31m[Kerror: [m[Kâ€˜[01m[Kclass PoseResolve[m[Kâ€™ has no member named â€˜[01m[Kcreate_subscribe[m[Kâ€™; did you mean â€˜[01m[Kcreate_subscription[m[Kâ€™?
[1.767s]    21 |         subscriber = this->[01;31m[Kcreate_subscribe[m[K<camera_interface::msg::Corner>("corners_2d", 4, PoseResolveCallback);
[1.767s]       |                            [01;31m[K^~~~~~~~~~~~~~~~[m[K
[1.767s]       |                            [32m[Kcreate_subscription[m[K
[1.767s] [01m[K/home/xyq/Desktop/ros_ws/src/pose_resolve/src/pose_resolve_node.cpp:21:74:[m[K [01;31m[Kerror: [m[Kexpected primary-expression before â€˜[01m[K>[m[Kâ€™ token
[1.767s]    21 |         subscriber = this->create_subscribe<camera_interface::msg::Corner[01;31m[K>[m[K("corners_2d", 4, PoseResolveCallback);
[1.767s]       |                                                                          [01;31m[K^[m[K
[1.767s] [01m[K/home/xyq/Desktop/ros_ws/src/pose_resolve/src/pose_resolve_node.cpp:21:76:[m[K [01;35m[Kwarning: [m[Kleft operand of comma operator has no effect [[01;35m[K]8;;https://gcc.gnu.org/onlinedocs/gcc/Warning-Options.html#index-Wunused-value-Wunused-value]8;;[m[K]
[1.767s]    21 |         subscriber = this->create_subscribe<camera_interface::msg::Corner>([01;35m[K"corners_2d"[m[K, 4, PoseResolveCallback);
[1.767s]       |                                                                            [01;35m[K^~~~~~~~~~~~[m[K
[1.767s] [01m[K/home/xyq/Desktop/ros_ws/src/pose_resolve/src/pose_resolve_node.cpp:21:93:[m[K [01;35m[Kwarning: [m[Kright operand of comma operator has no effect [[01;35m[K]8;;https://gcc.gnu.org/onlinedocs/gcc/Warning-Options.html#index-Wunused-value-Wunused-value]8;;[m[K]
[1.767s]    21 |         subscriber = this->create_subscribe<camera_interface::msg::Corner>("corners_2d", 4, [01;35m[KPoseResolveCallback[m[K);
[1.767s]       |                                                                                             [01;35m[K^~~~~~~~~~~~~~~~~~~[m[K
[2.203s] gmake[2]: *** [CMakeFiles/pose_resolve_node.dir/build.make:76ï¼šCMakeFiles/pose_resolve_node.dir/src/pose_resolve_node.cpp.o] é”™è¯¯ 1
[2.203s] gmake[1]: *** [CMakeFiles/Makefile2:137ï¼šCMakeFiles/pose_resolve_node.dir/all] é”™è¯¯ 2
[2.204s] gmake: *** [Makefile:146ï¼šall] é”™è¯¯ 2
[2.205s] Invoked command in '/home/xyq/Desktop/ros_ws/build/pose_resolve' returned '2': AMENT_PREFIX_PATH=/home/xyq/Desktop/ros_ws/install/camera_interface:${AMENT_PREFIX_PATH} CMAKE_PREFIX_PATH=/home/xyq/Desktop/ros_ws/install/camera_interface:/opt/ros/humble LD_LIBRARY_PATH=/home/xyq/Desktop/ros_ws/install/camera_interface/lib:${LD_LIBRARY_PATH} PYTHONPATH=/home/xyq/Desktop/ros_ws/install/camera_interface/local/lib/python3.10/dist-packages:${PYTHONPATH} /usr/bin/cmake --build /home/xyq/Desktop/ros_ws/build/pose_resolve -- -j20 -l20
