[0.008s] Invoking command in '/home/xyq/Desktop/ros_ws/build/pose_resolve': AMENT_PREFIX_PATH=/home/xyq/Desktop/ros_ws/install/camera_interface:${AMENT_PREFIX_PATH} CMAKE_PREFIX_PATH=/home/xyq/Desktop/ros_ws/install/camera_interface:/opt/ros/humble LD_LIBRARY_PATH=/home/xyq/Desktop/ros_ws/install/camera_interface/lib:${LD_LIBRARY_PATH} PYTHONPATH=/home/xyq/Desktop/ros_ws/install/camera_interface/local/lib/python3.10/dist-packages:${PYTHONPATH} /usr/bin/cmake --build /home/xyq/Desktop/ros_ws/build/pose_resolve -- -j20 -l20
[0.036s] [35m[1mConsolidate compiler generated dependencies of target pose_resolve_node[0m
[0.053s] [ 50%] [32mBuilding CXX object CMakeFiles/pose_resolve_node.dir/src/pose_resolve_node.cpp.o[0m
[2.035s] [01m[K/home/xyq/Desktop/ros_ws/src/pose_resolve/src/pose_resolve_node.cpp:35:27:[m[K [01;31m[Kerror: [m[Kâ€˜[01m[Kflaot[m[Kâ€™ was not declared in this scope; did you mean â€˜[01m[Kfloat[m[Kâ€™?
[2.035s]    35 |     cv::Mat C = (cv::Mat_<[01;31m[Kflaot[m[K>(5,1)<<
[2.035s]       |                           [01;31m[K^~~~~[m[K
[2.035s]       |                           [32m[Kfloat[m[K
[2.035s] [01m[K/home/xyq/Desktop/ros_ws/src/pose_resolve/src/pose_resolve_node.cpp:35:32:[m[K [01;31m[Kerror: [m[Ktemplate argument 1 is invalid
[2.035s]    35 |     cv::Mat C = (cv::Mat_<flaot[01;31m[K>[m[K(5,1)<<
[2.035s]       |                                [01;31m[K^[m[K
[2.044s] [01m[K/home/xyq/Desktop/ros_ws/src/pose_resolve/src/pose_resolve_node.cpp:[m[K In function â€˜[01m[Kvoid solve_pnp(std::vector<double, std::allocator<double> >, std::vector<double, std::allocator<double> >)[m[Kâ€™:
[2.045s] [01m[K/home/xyq/Desktop/ros_ws/src/pose_resolve/src/pose_resolve_node.cpp:109:18:[m[K [01;35m[Kwarning: [m[Kcomparison of integer expressions of different signedness: â€˜[01m[Kint[m[Kâ€™ and â€˜[01m[Kstd::vector<cv::Point_<float> >::size_type[m[Kâ€™ {aka â€˜[01m[Klong unsigned int[m[Kâ€™} [[01;35m[K]8;;https://gcc.gnu.org/onlinedocs/gcc/Warning-Options.html#index-Wsign-compare-Wsign-compare]8;;[m[K]
[2.045s]   109 |     for(int i=0;[01;35m[Ki<corner_2d.size()[m[K;i++){
[2.045s]       |                 [01;35m[K~^~~~~~~~~~~~~~~~~[m[K
[2.045s] [01m[K/home/xyq/Desktop/ros_ws/src/pose_resolve/src/pose_resolve_node.cpp:114:18:[m[K [01;35m[Kwarning: [m[Kcomparison of integer expressions of different signedness: â€˜[01m[Kint[m[Kâ€™ and â€˜[01m[Kstd::vector<cv::Point3_<float> >::size_type[m[Kâ€™ {aka â€˜[01m[Klong unsigned int[m[Kâ€™} [[01;35m[K]8;;https://gcc.gnu.org/onlinedocs/gcc/Warning-Options.html#index-Wsign-compare-Wsign-compare]8;;[m[K]
[2.045s]   114 |     for(int i=0;[01;35m[Ki<corner_3d.size()[m[K;i++){
[2.045s]       |                 [01;35m[K~^~~~~~~~~~~~~~~~~[m[K
[2.045s] [01m[K/home/xyq/Desktop/ros_ws/src/pose_resolve/src/pose_resolve_node.cpp:121:78:[m[K [01;35m[Kwarning: [m[Kenum constant in boolean context [[01;35m[K]8;;https://gcc.gnu.org/onlinedocs/gcc/Warning-Options.html#index-Wint-in-bool-context-Wint-in-bool-context]8;;[m[K]
[2.045s]   121 |     bool pnp_flag = cv::solvePnP(corner_3d, corner_2d, K, C, rvet, tvet, [01;35m[Kcv::SOLVEPNP_P3P[m[K);
[2.045s]       |                                                                          [01;35m[K~~~~^~~~~~~~~~~~[m[K
[3.630s] gmake[2]: *** [CMakeFiles/pose_resolve_node.dir/build.make:76ï¼šCMakeFiles/pose_resolve_node.dir/src/pose_resolve_node.cpp.o] é”™è¯¯ 1
[3.631s] gmake[1]: *** [CMakeFiles/Makefile2:137ï¼šCMakeFiles/pose_resolve_node.dir/all] é”™è¯¯ 2
[3.631s] gmake: *** [Makefile:146ï¼šall] é”™è¯¯ 2
[3.633s] Invoked command in '/home/xyq/Desktop/ros_ws/build/pose_resolve' returned '2': AMENT_PREFIX_PATH=/home/xyq/Desktop/ros_ws/install/camera_interface:${AMENT_PREFIX_PATH} CMAKE_PREFIX_PATH=/home/xyq/Desktop/ros_ws/install/camera_interface:/opt/ros/humble LD_LIBRARY_PATH=/home/xyq/Desktop/ros_ws/install/camera_interface/lib:${LD_LIBRARY_PATH} PYTHONPATH=/home/xyq/Desktop/ros_ws/install/camera_interface/local/lib/python3.10/dist-packages:${PYTHONPATH} /usr/bin/cmake --build /home/xyq/Desktop/ros_ws/build/pose_resolve -- -j20 -l20
