[35m[1mConsolidate compiler generated dependencies of target pose_resolve_node[0m
[ 50%] [32mBuilding CXX object CMakeFiles/pose_resolve_node.dir/src/pose_resolve_node.cpp.o[0m
[01m[K/home/xyq/Desktop/ros_ws/src/pose_resolve/src/pose_resolve_node.cpp:158:33:[m[K [01;31m[Kerror: [m[Kextended character ã€ is not valid in an identifier
  158 |     double theta_y = std::atan2([01;31m[Kã€[m[K-rvet_mat.at<double>(2, 0), std::sqrt(rvet_mat.at<double>(2, 1) * rvet_mat.at<double>(2, 1) + rvet_mat.at<double>(2, 2) * rvet_mat.at<double>(2, 2)));
      |                                 [01;31m[K^[m[K
[01m[K/home/xyq/Desktop/ros_ws/src/pose_resolve/src/pose_resolve_node.cpp:[m[K In function â€˜[01m[Kvoid solve_pnp(std::vector<double, std::allocator<double> >, std::vector<double, std::allocator<double> >)[m[Kâ€™:
[01m[K/home/xyq/Desktop/ros_ws/src/pose_resolve/src/pose_resolve_node.cpp:101:18:[m[K [01;35m[Kwarning: [m[Kcomparison of integer expressions of different signedness: â€˜[01m[Kint[m[Kâ€™ and â€˜[01m[Kstd::vector<cv::Point_<float> >::size_type[m[Kâ€™ {aka â€˜[01m[Klong unsigned int[m[Kâ€™} [[01;35m[K]8;;https://gcc.gnu.org/onlinedocs/gcc/Warning-Options.html#index-Wsign-compare-Wsign-compare]8;;[m[K]
  101 |     for(int i=0;[01;35m[Ki<corner_2d.size()[m[K;i++){
      |                 [01;35m[K~^~~~~~~~~~~~~~~~~[m[K
[01m[K/home/xyq/Desktop/ros_ws/src/pose_resolve/src/pose_resolve_node.cpp:106:18:[m[K [01;35m[Kwarning: [m[Kcomparison of integer expressions of different signedness: â€˜[01m[Kint[m[Kâ€™ and â€˜[01m[Kstd::vector<cv::Point3_<float> >::size_type[m[Kâ€™ {aka â€˜[01m[Klong unsigned int[m[Kâ€™} [[01;35m[K]8;;https://gcc.gnu.org/onlinedocs/gcc/Warning-Options.html#index-Wsign-compare-Wsign-compare]8;;[m[K]
  106 |     for(int i=0;[01;35m[Ki<corner_3d.size()[m[K;i++){
      |                 [01;35m[K~^~~~~~~~~~~~~~~~~[m[K
[01m[K/home/xyq/Desktop/ros_ws/src/pose_resolve/src/pose_resolve_node.cpp:113:78:[m[K [01;35m[Kwarning: [m[Kenum constant in boolean context [[01;35m[K]8;;https://gcc.gnu.org/onlinedocs/gcc/Warning-Options.html#index-Wint-in-bool-context-Wint-in-bool-context]8;;[m[K]
  113 |     bool pnp_flag = cv::solvePnP(corner_3d, corner_2d, K, C, rvet, tvet, [01;35m[Kcv::SOLVEPNP_P3P[m[K);
      |                                                                          [01;35m[K~~~~^~~~~~~~~~~~[m[K
[01m[K/home/xyq/Desktop/ros_ws/src/pose_resolve/src/pose_resolve_node.cpp:158:33:[m[K [01;31m[Kerror: [m[Kâ€˜[01m[Kã€[m[Kâ€™ was not declared in this scope
  158 |     double theta_y = std::atan2([01;31m[Kã€[m[K-rvet_mat.at<double>(2, 0), std::sqrt(rvet_mat.at<double>(2, 1) * rvet_mat.at<double>(2, 1) + rvet_mat.at<double>(2, 2) * rvet_mat.at<double>(2, 2)));
      |                                 [01;31m[K^~[m[K
gmake[2]: *** [CMakeFiles/pose_resolve_node.dir/build.make:76ï¼šCMakeFiles/pose_resolve_node.dir/src/pose_resolve_node.cpp.o] é”™è¯¯ 1
gmake[1]: *** [CMakeFiles/Makefile2:137ï¼šCMakeFiles/pose_resolve_node.dir/all] é”™è¯¯ 2
gmake: *** [Makefile:146ï¼šall] é”™è¯¯ 2
