[0.012s] Invoking command in '/home/xyq/Desktop/ros_ws/build/pose_resolve': AMENT_PREFIX_PATH=/home/xyq/Desktop/ros_ws/install/camera_interface:${AMENT_PREFIX_PATH} CMAKE_PREFIX_PATH=/home/xyq/Desktop/ros_ws/install/camera_interface:/opt/ros/humble LD_LIBRARY_PATH=/home/xyq/Desktop/ros_ws/install/camera_interface/lib:${LD_LIBRARY_PATH} PYTHONPATH=/home/xyq/Desktop/ros_ws/install/camera_interface/local/lib/python3.10/dist-packages:${PYTHONPATH} /usr/bin/cmake --build /home/xyq/Desktop/ros_ws/build/pose_resolve -- -j20 -l20
[0.042s] [35m[1mConsolidate compiler generated dependencies of target pose_resolve_node[0m
[0.057s] [ 50%] [32mBuilding CXX object CMakeFiles/pose_resolve_node.dir/src/pose_resolve_node.cpp.o[0m
[0.313s] [01m[K/home/xyq/Desktop/ros_ws/src/pose_resolve/src/pose_resolve_node.cpp:158:33:[m[K [01;31m[Kerror: [m[Kextended character „Äê is not valid in an identifier
[0.313s]   158 |     double theta_y = std::atan2([01;31m[K„Äê[m[K-rvet_mat.at<double>(2, 0), std::sqrt(rvet_mat.at<double>(2, 1) * rvet_mat.at<double>(2, 1) + rvet_mat.at<double>(2, 2) * rvet_mat.at<double>(2, 2)));
[0.313s]       |                                 [01;31m[K^[m[K
[2.037s] [01m[K/home/xyq/Desktop/ros_ws/src/pose_resolve/src/pose_resolve_node.cpp:[m[K In function ‚Äò[01m[Kvoid solve_pnp(std::vector<double, std::allocator<double> >, std::vector<double, std::allocator<double> >)[m[K‚Äô:
[2.037s] [01m[K/home/xyq/Desktop/ros_ws/src/pose_resolve/src/pose_resolve_node.cpp:101:18:[m[K [01;35m[Kwarning: [m[Kcomparison of integer expressions of different signedness: ‚Äò[01m[Kint[m[K‚Äô and ‚Äò[01m[Kstd::vector<cv::Point_<float> >::size_type[m[K‚Äô {aka ‚Äò[01m[Klong unsigned int[m[K‚Äô} [[01;35m[K]8;;https://gcc.gnu.org/onlinedocs/gcc/Warning-Options.html#index-Wsign-compare-Wsign-compare]8;;[m[K]
[2.037s]   101 |     for(int i=0;[01;35m[Ki<corner_2d.size()[m[K;i++){
[2.037s]       |                 [01;35m[K~^~~~~~~~~~~~~~~~~[m[K
[2.037s] [01m[K/home/xyq/Desktop/ros_ws/src/pose_resolve/src/pose_resolve_node.cpp:106:18:[m[K [01;35m[Kwarning: [m[Kcomparison of integer expressions of different signedness: ‚Äò[01m[Kint[m[K‚Äô and ‚Äò[01m[Kstd::vector<cv::Point3_<float> >::size_type[m[K‚Äô {aka ‚Äò[01m[Klong unsigned int[m[K‚Äô} [[01;35m[K]8;;https://gcc.gnu.org/onlinedocs/gcc/Warning-Options.html#index-Wsign-compare-Wsign-compare]8;;[m[K]
[2.037s]   106 |     for(int i=0;[01;35m[Ki<corner_3d.size()[m[K;i++){
[2.037s]       |                 [01;35m[K~^~~~~~~~~~~~~~~~~[m[K
[2.037s] [01m[K/home/xyq/Desktop/ros_ws/src/pose_resolve/src/pose_resolve_node.cpp:113:78:[m[K [01;35m[Kwarning: [m[Kenum constant in boolean context [[01;35m[K]8;;https://gcc.gnu.org/onlinedocs/gcc/Warning-Options.html#index-Wint-in-bool-context-Wint-in-bool-context]8;;[m[K]
[2.037s]   113 |     bool pnp_flag = cv::solvePnP(corner_3d, corner_2d, K, C, rvet, tvet, [01;35m[Kcv::SOLVEPNP_P3P[m[K);
[2.037s]       |                                                                          [01;35m[K~~~~^~~~~~~~~~~~[m[K
[2.042s] [01m[K/home/xyq/Desktop/ros_ws/src/pose_resolve/src/pose_resolve_node.cpp:158:33:[m[K [01;31m[Kerror: [m[K‚Äò[01m[K„Äê[m[K‚Äô was not declared in this scope
[2.042s]   158 |     double theta_y = std::atan2([01;31m[K„Äê[m[K-rvet_mat.at<double>(2, 0), std::sqrt(rvet_mat.at<double>(2, 1) * rvet_mat.at<double>(2, 1) + rvet_mat.at<double>(2, 2) * rvet_mat.at<double>(2, 2)));
[2.042s]       |                                 [01;31m[K^~[m[K
[3.603s] gmake[2]: *** [CMakeFiles/pose_resolve_node.dir/build.make:76ÔºöCMakeFiles/pose_resolve_node.dir/src/pose_resolve_node.cpp.o] ÈîôËØØ 1
[3.604s] gmake[1]: *** [CMakeFiles/Makefile2:137ÔºöCMakeFiles/pose_resolve_node.dir/all] ÈîôËØØ 2
[3.604s] gmake: *** [Makefile:146Ôºöall] ÈîôËØØ 2
[3.605s] Invoked command in '/home/xyq/Desktop/ros_ws/build/pose_resolve' returned '2': AMENT_PREFIX_PATH=/home/xyq/Desktop/ros_ws/install/camera_interface:${AMENT_PREFIX_PATH} CMAKE_PREFIX_PATH=/home/xyq/Desktop/ros_ws/install/camera_interface:/opt/ros/humble LD_LIBRARY_PATH=/home/xyq/Desktop/ros_ws/install/camera_interface/lib:${LD_LIBRARY_PATH} PYTHONPATH=/home/xyq/Desktop/ros_ws/install/camera_interface/local/lib/python3.10/dist-packages:${PYTHONPATH} /usr/bin/cmake --build /home/xyq/Desktop/ros_ws/build/pose_resolve -- -j20 -l20
