[0.011s] Invoking command in '/home/xyq/Desktop/ros_ws/build/pose_resolve': AMENT_PREFIX_PATH=/home/xyq/Desktop/ros_ws/install/camera_interface:${AMENT_PREFIX_PATH} CMAKE_PREFIX_PATH=/home/xyq/Desktop/ros_ws/install/camera_interface:/opt/ros/humble LD_LIBRARY_PATH=/home/xyq/Desktop/ros_ws/install/camera_interface/lib:${LD_LIBRARY_PATH} PYTHONPATH=/home/xyq/Desktop/ros_ws/install/camera_interface/local/lib/python3.10/dist-packages:${PYTHONPATH} /usr/bin/cmake --build /home/xyq/Desktop/ros_ws/build/pose_resolve -- -j20 -l20
[0.044s] [35m[1mConsolidate compiler generated dependencies of target pose_resolve_node[0m
[0.062s] [ 50%] [32mBuilding CXX object CMakeFiles/pose_resolve_node.dir/src/pose_resolve_node.cpp.o[0m
[2.938s] [01m[K/home/xyq/Desktop/ros_ws/src/pose_resolve/src/pose_resolve_node.cpp:[m[K In function â€˜[01m[Kvoid PoseResolveCallback(const ConstSharedPtr&)[m[Kâ€™:
[2.938s] [01m[K/home/xyq/Desktop/ros_ws/src/pose_resolve/src/pose_resolve_node.cpp:28:20:[m[K [01;31m[Kerror: [m[Kâ€˜[01m[Ksolve_pnp[m[Kâ€™ was not declared in this scope
[2.938s]    28 |     cv::Mat pose = [01;31m[Ksolve_pnp[m[K(corner_x, corner_y);
[2.938s]       |                    [01;31m[K^~~~~~~~~[m[K
[2.944s] [01m[K/home/xyq/Desktop/ros_ws/src/pose_resolve/src/pose_resolve_node.cpp:[m[K In function â€˜[01m[Kcv::Mat solve_pnp(std::vector<double, std::allocator<double> >, std::vector<double, std::allocator<double> >)[m[Kâ€™:
[2.945s] [01m[K/home/xyq/Desktop/ros_ws/src/pose_resolve/src/pose_resolve_node.cpp:90:62:[m[K [01;35m[Kwarning: [m[Kenum constant in boolean context [[01;35m[K]8;;https://gcc.gnu.org/onlinedocs/gcc/Warning-Options.html#index-Wint-in-bool-context-Wint-in-bool-context]8;;[m[K]
[2.945s]    90 |     cv::solvePnP(corner_3d, corner_2d, K, C, rvet, tvet, [01;35m[Kcv::SOLVEPNP_P3P[m[K);
[2.945s]       |                                                          [01;35m[K~~~~^~~~~~~~~~~~[m[K
[5.237s] gmake[2]: *** [CMakeFiles/pose_resolve_node.dir/build.make:76ï¼šCMakeFiles/pose_resolve_node.dir/src/pose_resolve_node.cpp.o] é”™è¯¯ 1
[5.237s] gmake[1]: *** [CMakeFiles/Makefile2:137ï¼šCMakeFiles/pose_resolve_node.dir/all] é”™è¯¯ 2
[5.237s] gmake: *** [Makefile:146ï¼šall] é”™è¯¯ 2
[5.239s] Invoked command in '/home/xyq/Desktop/ros_ws/build/pose_resolve' returned '2': AMENT_PREFIX_PATH=/home/xyq/Desktop/ros_ws/install/camera_interface:${AMENT_PREFIX_PATH} CMAKE_PREFIX_PATH=/home/xyq/Desktop/ros_ws/install/camera_interface:/opt/ros/humble LD_LIBRARY_PATH=/home/xyq/Desktop/ros_ws/install/camera_interface/lib:${LD_LIBRARY_PATH} PYTHONPATH=/home/xyq/Desktop/ros_ws/install/camera_interface/local/lib/python3.10/dist-packages:${PYTHONPATH} /usr/bin/cmake --build /home/xyq/Desktop/ros_ws/build/pose_resolve -- -j20 -l20
