[0.009s] Invoking command in '/home/xyq/Desktop/ros_ws/build/image_processing': CMAKE_PREFIX_PATH=${CMAKE_PREFIX_PATH}:/opt/ros/humble /usr/bin/cmake --build /home/xyq/Desktop/ros_ws/build/image_processing -- -j20 -l20
[0.039s] [35m[1mConsolidate compiler generated dependencies of target image_processing[0m
[0.053s] [ 50%] [32mBuilding CXX object CMakeFiles/image_processing.dir/src/image_info.cpp.o[0m
[1.703s] [01m[K/home/xyq/Desktop/ros_ws/src/image_processing/src/image_info.cpp:[m[K In function â€˜[01m[Kint main()[m[Kâ€™:
[1.703s] [01m[K/home/xyq/Desktop/ros_ws/src/image_processing/src/image_info.cpp:9:13:[m[K [01;31m[Kerror: [m[Kâ€˜[01m[Kwaitkey[m[Kâ€™ is not a member of â€˜[01m[Kcv[m[Kâ€™; did you mean â€˜[01m[KwaitKey[m[Kâ€™?
[1.703s]     9 |         cv::[01;31m[Kwaitkey[m[K(0);
[1.703s]       |             [01;31m[K^~~~~~~[m[K
[1.703s]       |             [32m[KwaitKey[m[K
[1.703s] [01m[K/home/xyq/Desktop/ros_ws/src/image_processing/src/image_info.cpp:10:18:[m[K [01;31m[Kerror: [m[Kinvalid use of non-static member function â€˜[01m[Kcv::Mat cv::Mat::col(int) const[m[Kâ€™
[1.703s]    10 |         [01;31m[Kstd::cout<<image.col[m[K<<" "<<image.rows<<std::endl;
[1.703s]       |         [01;31m[K~~~~~~~~~^~~~~~~~~~~[m[K
[1.703s] In file included from [01m[K/usr/include/opencv4/opencv2/core/mat.hpp:3764[m[K,
[1.703s]                  from [01m[K/usr/include/opencv4/opencv2/core.hpp:58[m[K,
[1.703s]                  from [01m[K/usr/include/opencv4/opencv2/opencv.hpp:52[m[K,
[1.703s]                  from [01m[K/home/xyq/Desktop/ros_ws/src/image_processing/src/image_info.cpp:3[m[K:
[1.703s] [01m[K/usr/include/opencv4/opencv2/core/mat.inl.hpp:601:5:[m[K [01;36m[Knote: [m[Kdeclared here
[1.704s]   601 | Mat [01;36m[KMat[m[K::col(int x) const
[1.704s]       |     [01;36m[K^~~[m[K
[2.167s] gmake[2]: *** [CMakeFiles/image_processing.dir/build.make:76ï¼šCMakeFiles/image_processing.dir/src/image_info.cpp.o] é”™è¯¯ 1
[2.167s] gmake[1]: *** [CMakeFiles/Makefile2:137ï¼šCMakeFiles/image_processing.dir/all] é”™è¯¯ 2
[2.167s] gmake: *** [Makefile:146ï¼šall] é”™è¯¯ 2
[2.169s] Invoked command in '/home/xyq/Desktop/ros_ws/build/image_processing' returned '2': CMAKE_PREFIX_PATH=${CMAKE_PREFIX_PATH}:/opt/ros/humble /usr/bin/cmake --build /home/xyq/Desktop/ros_ws/build/image_processing -- -j20 -l20
