[35m[1mConsolidate compiler generated dependencies of target serial_port_node[0m
[ 50%] [32mBuilding CXX object CMakeFiles/serial_port_node.dir/src/serial_port_node.cpp.o[0m
[01m[K/home/xyq/Desktop/ros_ws/src/serial_port/src/serial_port_node.cpp:[m[K In function â€˜[01m[Kint main(int, char**)[m[Kâ€™:
[01m[K/home/xyq/Desktop/ros_ws/src/serial_port/src/serial_port_node.cpp:41:2:[m[K [01;31m[Kerror: [m[Kexpected â€˜[01m[K}[m[Kâ€™ at end of input
   41 | }
      |  [01;31m[K^[m[K
[01m[K/home/xyq/Desktop/ros_ws/src/serial_port/src/serial_port_node.cpp:6:33:[m[K [01;36m[Knote: [m[Kto match this â€˜[01m[K{[m[Kâ€™
    6 | int main(int argc, char* argv[])[01;36m[K{[m[K
      |                                 [01;36m[K^[m[K
gmake[2]: *** [CMakeFiles/serial_port_node.dir/build.make:76ï¼šCMakeFiles/serial_port_node.dir/src/serial_port_node.cpp.o] é”™è¯¯ 1
gmake[1]: *** [CMakeFiles/Makefile2:137ï¼šCMakeFiles/serial_port_node.dir/all] é”™è¯¯ 2
gmake: *** [Makefile:146ï¼šall] é”™è¯¯ 2
