[0.013s] Invoking command in '/home/xyq/Desktop/ros_ws/build/pose_resolve': AMENT_PREFIX_PATH=/home/xyq/Desktop/ros_ws/install/camera_interface:${AMENT_PREFIX_PATH} CMAKE_PREFIX_PATH=/home/xyq/Desktop/ros_ws/install/camera_interface:/opt/ros/humble LD_LIBRARY_PATH=/home/xyq/Desktop/ros_ws/install/camera_interface/lib:${LD_LIBRARY_PATH} PYTHONPATH=/home/xyq/Desktop/ros_ws/install/camera_interface/local/lib/python3.10/dist-packages:${PYTHONPATH} /usr/bin/cmake --build /home/xyq/Desktop/ros_ws/build/pose_resolve -- -j20 -l20
[0.055s] [35m[1mConsolidate compiler generated dependencies of target pose_resolve_node[0m
[0.074s] [ 50%] [32mBuilding CXX object CMakeFiles/pose_resolve_node.dir/src/pose_resolve_node.cpp.o[0m
[2.849s] [01m[K/home/xyq/Desktop/ros_ws/src/pose_resolve/src/pose_resolve_node.cpp:[m[K In function â€˜[01m[Kcv::Mat solve_pnp(std::vector<float>, std::vector<float>)[m[Kâ€™:
[2.849s] [01m[K/home/xyq/Desktop/ros_ws/src/pose_resolve/src/pose_resolve_node.cpp:91:62:[m[K [01;35m[Kwarning: [m[Kenum constant in boolean context [[01;35m[K]8;;https://gcc.gnu.org/onlinedocs/gcc/Warning-Options.html#index-Wint-in-bool-context-Wint-in-bool-context]8;;[m[K]
[2.850s]    91 |     cv::solvePnP(corner_3d, corner_2d, K, C, rvet, tvet, [01;35m[Kcv::SOLVEPNP_P3P[m[K);
[2.850s]       |                                                          [01;35m[K~~~~^~~~~~~~~~~~[m[K
[7.338s] [100%] [32m[1mLinking CXX executable pose_resolve_node[0m
[7.906s] /usr/bin/ld: CMakeFiles/pose_resolve_node.dir/src/pose_resolve_node.cpp.o: in function `PoseResolveCallback(std::shared_ptr<camera_interface::msg::Corner_<std::allocator<void> > const> const&)':
[7.906s] pose_resolve_node.cpp:(.text+0x192): undefined reference to `solve_pnp(std::vector<double, std::allocator<double> >, std::vector<double, std::allocator<double> >)'
[7.961s] collect2: error: ld returned 1 exit status
[7.962s] gmake[2]: *** [CMakeFiles/pose_resolve_node.dir/build.make:240ï¼špose_resolve_node] é”™è¯¯ 1
[7.962s] gmake[1]: *** [CMakeFiles/Makefile2:137ï¼šCMakeFiles/pose_resolve_node.dir/all] é”™è¯¯ 2
[7.962s] gmake: *** [Makefile:146ï¼šall] é”™è¯¯ 2
[7.966s] Invoked command in '/home/xyq/Desktop/ros_ws/build/pose_resolve' returned '2': AMENT_PREFIX_PATH=/home/xyq/Desktop/ros_ws/install/camera_interface:${AMENT_PREFIX_PATH} CMAKE_PREFIX_PATH=/home/xyq/Desktop/ros_ws/install/camera_interface:/opt/ros/humble LD_LIBRARY_PATH=/home/xyq/Desktop/ros_ws/install/camera_interface/lib:${LD_LIBRARY_PATH} PYTHONPATH=/home/xyq/Desktop/ros_ws/install/camera_interface/local/lib/python3.10/dist-packages:${PYTHONPATH} /usr/bin/cmake --build /home/xyq/Desktop/ros_ws/build/pose_resolve -- -j20 -l20
