<?xml version="1.0" encoding="UTF-8"?>
<Site BuildName="(empty)"
	BuildStamp="20250407-1603-Experimental"
	Name="xyq-Legion-Y7000P-IRH8"
	Generator="ctest-3.22.1"
	CompilerName="/usr/bin/c++"
	CompilerVersion="11.4.0"
	OSName="Linux"
	Hostname="xyq-Legion-Y7000P-IRH8"
	OSRelease="6.8.0-57-generic"
	OSVersion="#59~22.04.1-Ubuntu SMP PREEMPT_DYNAMIC Wed Mar 19 17:07:41 UTC 2"
	OSPlatform="x86_64"
	Is64Bits="1"
	VendorString="GenuineIntel"
	VendorID="Intel Corporation"
	FamilyID="6"
	ModelID="186"
	ProcessorCacheSize="24576"
	NumberOfLogicalCPU="20"
	NumberOfPhysicalCPU="14"
	TotalVirtualMemory="19530"
	TotalPhysicalMemory="31816"
	LogicalProcessorsPerPhysical="1"
	ProcessorClockFrequency="3900"
	>
	<Testing>
		<StartDateTime>Apr 07 19:18 CST</StartDateTime>
		<StartTestTime>1744024737</StartTestTime>
		<TestList/>
		<EndDateTime>Apr 07 19:18 CST</EndDateTime>
		<EndTestTime>1744024737</EndTestTime>
		<ElapsedMinutes>0</ElapsedMinutes>
	</Testing>
</Site>
