[0.008s] Invoking command in '/home/xyq/Desktop/ros_ws/build/pose_resolve': AMENT_PREFIX_PATH=/home/xyq/Desktop/ros_ws/install/camera_interface:${AMENT_PREFIX_PATH} CMAKE_PREFIX_PATH=/home/xyq/Desktop/ros_ws/install/camera_interface:/opt/ros/humble LD_LIBRARY_PATH=/home/xyq/Desktop/ros_ws/install/camera_interface/lib:${LD_LIBRARY_PATH} PYTHONPATH=/home/xyq/Desktop/ros_ws/install/camera_interface/local/lib/python3.10/dist-packages:${PYTHONPATH} /usr/bin/cmake --build /home/xyq/Desktop/ros_ws/build/pose_resolve -- -j20 -l20
[0.034s] [35m[1mConsolidate compiler generated dependencies of target pose_resolve_node[0m
[0.048s] [ 50%] [32mBuilding CXX object CMakeFiles/pose_resolve_node.dir/src/pose_resolve_node.cpp.o[0m
[1.698s] [01m[K/home/xyq/Desktop/ros_ws/src/pose_resolve/src/pose_resolve_node.cpp:[m[K In function â€˜[01m[Kvoid PoseResolveCallback(const ConstSharedPtr&)[m[Kâ€™:
[1.698s] [01m[K/home/xyq/Desktop/ros_ws/src/pose_resolve/src/pose_resolve_node.cpp:14:79:[m[K [01;35m[Kwarning: [m[Kunused parameter â€˜[01m[Kcorner[m[Kâ€™ [[01;35m[K]8;;https://gcc.gnu.org/onlinedocs/gcc/Warning-Options.html#index-Wunused-parameter-Wunused-parameter]8;;[m[K]
[1.698s]    14 | void PoseResolveCallback([01;35m[Kconst camera_interface::msg::Corner::ConstSharedPtr &corner[m[K){
[1.698s]       |                          [01;35m[K~~~~~~~~~~~~~~~~~~~~~~~~~~~~~~~~~~~~~~~~~~~~~~~~~~~~~^~~~~~[m[K
[1.721s] [01m[K/home/xyq/Desktop/ros_ws/src/pose_resolve/src/pose_resolve_node.cpp:[m[K In function â€˜[01m[Kint main(int, char**)[m[Kâ€™:
[1.721s] [01m[K/home/xyq/Desktop/ros_ws/src/pose_resolve/src/pose_resolve_node.cpp:32:28:[m[K [01;31m[Kerror: [m[Kcannot call member function â€˜[01m[Kvirtual void rclcpp::Executor::spin()[m[Kâ€™ without object
[1.721s]    32 |      [01;31m[Krclcpp::Executor::spin()[m[K;
[1.721s]       |      [01;31m[K~~~~~~~~~~~~~~~~~~~~~~^~[m[K
[3.229s] gmake[2]: *** [CMakeFiles/pose_resolve_node.dir/build.make:76ï¼šCMakeFiles/pose_resolve_node.dir/src/pose_resolve_node.cpp.o] é”™è¯¯ 1
[3.229s] gmake[1]: *** [CMakeFiles/Makefile2:137ï¼šCMakeFiles/pose_resolve_node.dir/all] é”™è¯¯ 2
[3.229s] gmake: *** [Makefile:146ï¼šall] é”™è¯¯ 2
[3.231s] Invoked command in '/home/xyq/Desktop/ros_ws/build/pose_resolve' returned '2': AMENT_PREFIX_PATH=/home/xyq/Desktop/ros_ws/install/camera_interface:${AMENT_PREFIX_PATH} CMAKE_PREFIX_PATH=/home/xyq/Desktop/ros_ws/install/camera_interface:/opt/ros/humble LD_LIBRARY_PATH=/home/xyq/Desktop/ros_ws/install/camera_interface/lib:${LD_LIBRARY_PATH} PYTHONPATH=/home/xyq/Desktop/ros_ws/install/camera_interface/local/lib/python3.10/dist-packages:${PYTHONPATH} /usr/bin/cmake --build /home/xyq/Desktop/ros_ws/build/pose_resolve -- -j20 -l20
