<?xml version="1.0" encoding="UTF-8"?>
<Site BuildName="(empty)"
	BuildStamp="20250422-0648-Experimental"
	Name="xyq-Legion-Y7000P-IRH8"
	Generator="ctest-3.22.1"
	CompilerName="/usr/bin/c++"
	CompilerVersion="11.4.0"
	OSName="Linux"
	Hostname="xyq-Legion-Y7000P-IRH8"
	OSRelease="6.8.0-57-generic"
	OSVersion="#59~22.04.1-Ubuntu SMP PREEMPT_DYNAMIC Wed Mar 19 17:07:41 UTC 2"
	OSPlatform="x86_64"
	Is64Bits="1"
	VendorString="GenuineIntel"
	VendorID="Intel Corporation"
	FamilyID="6"
	ModelID="186"
	ProcessorCacheSize="24576"
	NumberOfLogicalCPU="20"
	NumberOfPhysicalCPU="14"
	TotalVirtualMemory="19530"
	TotalPhysicalMemory="31882"
	LogicalProcessorsPerPhysical="1"
	ProcessorClockFrequency="678.175"
	>
	<Testing>
		<StartDateTime>Apr 22 20:43 CST</StartDateTime>
		<StartTestTime>1745325817</StartTestTime>
		<TestList/>
		<EndDateTime>Apr 22 20:43 CST</EndDateTime>
		<EndTestTime>1745325817</EndTestTime>
		<ElapsedMinutes>0</ElapsedMinutes>
	</Testing>
</Site>
